{
  message: '🛢 Database connected successfully ✔',
  level: 'info',
  label: 'PH university',
  timestamp: '2023-06-04T04:17:23.039Z'
}
{
  message: 'University server listening on port 5000',
  level: 'info',
  label: 'PH university',
  timestamp: '2023-06-04T04:17:23.056Z'
}
{
  message: '🛢 Database connected successfully ✔',
  level: 'info',
  label: 'PH university',
  timestamp: '2023-06-04T04:18:38.164Z'
}
{
  message: 'University server listening on port 5000',
  level: 'info',
  label: 'PH university',
  timestamp: '2023-06-04T04:18:38.201Z'
}
{
  message: '🛢 Database connected successfully ✔',
  level: 'info',
  label: 'PH university',
  timestamp: '2023-06-04T04:20:58.649Z'
}
{
  message: 'University server listening on port 5000',
  level: 'info',
  label: 'PH university',
  timestamp: '2023-06-04T04:20:58.695Z'
}
